[2m2025-06-17 13:23:47.877[0;39m [32m INFO[0;39m [35m[milktea][0;39m [2m[           main][0;39m [36mcom.cxy.milktea.MilkteaApplication      [0;39m : Starting MilkteaApplication using Java 17.0.12 with PID 17172 (C:\Users\LXD\Desktop\奶茶点单系统\milktea\target\classes started by LXD in C:\Users\LXD\Desktop\奶茶点单系统\milktea)
[2m2025-06-17 13:23:47.886[0;39m [32m INFO[0;39m [35m[milktea][0;39m [2m[           main][0;39m [36mcom.cxy.milktea.MilkteaApplication      [0;39m : No active profile set, falling back to 1 default profile: "default"
[2m2025-06-17 13:23:49.700[0;39m [32m INFO[0;39m [35m[milktea][0;39m [2m[           main][0;39m [36mo.s.b.w.embedded.tomcat.TomcatWebServer [0;39m : Tomcat initialized with port 8081 (http)
[2m2025-06-17 13:23:49.713[0;39m [32m INFO[0;39m [35m[milktea][0;39m [2m[           main][0;39m [36mo.apache.catalina.core.StandardService  [0;39m : Starting service [Tomcat]
[2m2025-06-17 13:23:49.713[0;39m [32m INFO[0;39m [35m[milktea][0;39m [2m[           main][0;39m [36mo.apache.catalina.core.StandardEngine   [0;39m : Starting Servlet engine: [Apache Tomcat/10.1.39]
[2m2025-06-17 13:23:49.790[0;39m [32m INFO[0;39m [35m[milktea][0;39m [2m[           main][0;39m [36mo.a.c.c.C.[Tomcat].[localhost].[/api]   [0;39m : Initializing Spring embedded WebApplicationContext
[2m2025-06-17 13:23:50.160[0;39m [32m INFO[0;39m [35m[milktea][0;39m [2m[           main][0;39m [36mo.hibernate.jpa.internal.util.LogHelper [0;39m : HHH000204: Processing PersistenceUnitInfo [name: default]
[2m2025-06-17 13:23:50.220[0;39m [32m INFO[0;39m [35m[milktea][0;39m [2m[           main][0;39m [36morg.hibernate.Version                   [0;39m : HHH000412: Hibernate ORM core version 6.6.11.Final
[2m2025-06-17 13:23:50.254[0;39m [32m INFO[0;39m [35m[milktea][0;39m [2m[           main][0;39m [36mo.h.c.internal.RegionFactoryInitiator   [0;39m : HHH000026: Second-level cache disabled
[2m2025-06-17 13:23:50.703[0;39m [33m WARN[0;39m [35m[milktea][0;39m [2m[           main][0;39m [36morg.hibernate.orm.deprecation           [0;39m : HHH90000025: MySQL8Dialect does not need to be specified explicitly using 'hibernate.dialect' (remove the property setting and it will be selected by default)
[2m2025-06-17 13:23:50.704[0;39m [33m WARN[0;39m [35m[milktea][0;39m [2m[           main][0;39m [36morg.hibernate.orm.deprecation           [0;39m : HHH90000026: MySQL8Dialect has been deprecated; use org.hibernate.dialect.MySQLDialect instead
[2m2025-06-17 13:23:51.856[0;39m [32m INFO[0;39m [35m[milktea][0;39m [2m[           main][0;39m [36mo.h.e.t.j.p.i.JtaPlatformInitiator      [0;39m : HHH000489: No JTA platform available (set 'hibernate.transaction.jta.platform' to enable JTA platform integration)
[2m2025-06-17 13:23:55.000[0;39m [33m WARN[0;39m [35m[milktea][0;39m [2m[           main][0;39m [36mJpaBaseConfiguration$JpaWebConfiguration[0;39m : spring.jpa.open-in-view is enabled by default. Therefore, database queries may be performed during view rendering. Explicitly configure spring.jpa.open-in-view to disable this warning
[2m2025-06-17 13:23:55.013[0;39m [33m WARN[0;39m [35m[milktea][0;39m [2m[           main][0;39m [36mr$InitializeUserDetailsManagerConfigurer[0;39m : Found 3 UserDetailsService beans, with names [adminDetailsService, userDetailsServiceImpl, primaryUserDetailsService]. Global Authentication Manager will not use a UserDetailsService for username/password login. Consider publishing a single UserDetailsService bean.
[2m2025-06-17 13:23:55.540[0;39m [32m INFO[0;39m [35m[milktea][0;39m [2m[           main][0;39m [36mo.s.b.w.embedded.tomcat.TomcatWebServer [0;39m : Tomcat started on port 8081 (http) with context path '/api'
[2m2025-06-17 13:23:55.550[0;39m [32m INFO[0;39m [35m[milktea][0;39m [2m[           main][0;39m [36mcom.cxy.milktea.MilkteaApplication      [0;39m : Started MilkteaApplication in 8.192 seconds (process running for 8.959)
[2m2025-06-17 13:24:05.559[0;39m [32m INFO[0;39m [35m[milktea][0;39m [2m[   scheduling-1][0;39m [36mc.c.m.common.config.RedisCacheMonitor   [0;39m : Redis连接工厂类型: LettuceConnectionFactory, 缓存已配置并连接成功
[2m2025-06-17 13:24:19.931[0;39m [32m INFO[0;39m [35m[milktea][0;39m [2m[ionShutdownHook][0;39m [36mo.s.b.w.e.tomcat.GracefulShutdown       [0;39m : Commencing graceful shutdown. Waiting for active requests to complete
[2m2025-06-17 13:24:20.569[0;39m [32m INFO[0;39m [35m[milktea][0;39m [2m[tomcat-shutdown][0;39m [36mo.s.b.w.e.tomcat.GracefulShutdown       [0;39m : Graceful shutdown complete
[2m2025-06-17 13:24:23.233[0;39m [32m INFO[0;39m [35m[milktea][0;39m [2m[           main][0;39m [36mcom.cxy.milktea.MilkteaApplication      [0;39m : Starting MilkteaApplication using Java 17.0.12 with PID 15192 (C:\Users\LXD\Desktop\奶茶点单系统\milktea\target\classes started by LXD in C:\Users\LXD\Desktop\奶茶点单系统\milktea)
[2m2025-06-17 13:24:23.235[0;39m [32m INFO[0;39m [35m[milktea][0;39m [2m[           main][0;39m [36mcom.cxy.milktea.MilkteaApplication      [0;39m : No active profile set, falling back to 1 default profile: "default"
[2m2025-06-17 13:24:24.535[0;39m [32m INFO[0;39m [35m[milktea][0;39m [2m[           main][0;39m [36mo.s.b.w.embedded.tomcat.TomcatWebServer [0;39m : Tomcat initialized with port 8081 (http)
[2m2025-06-17 13:24:24.544[0;39m [32m INFO[0;39m [35m[milktea][0;39m [2m[           main][0;39m [36mo.apache.catalina.core.StandardService  [0;39m : Starting service [Tomcat]
[2m2025-06-17 13:24:24.544[0;39m [32m INFO[0;39m [35m[milktea][0;39m [2m[           main][0;39m [36mo.apache.catalina.core.StandardEngine   [0;39m : Starting Servlet engine: [Apache Tomcat/10.1.39]
[2m2025-06-17 13:24:24.600[0;39m [32m INFO[0;39m [35m[milktea][0;39m [2m[           main][0;39m [36mo.a.c.c.C.[Tomcat].[localhost].[/api]   [0;39m : Initializing Spring embedded WebApplicationContext
[2m2025-06-17 13:24:24.907[0;39m [32m INFO[0;39m [35m[milktea][0;39m [2m[           main][0;39m [36mo.hibernate.jpa.internal.util.LogHelper [0;39m : HHH000204: Processing PersistenceUnitInfo [name: default]
[2m2025-06-17 13:24:24.942[0;39m [32m INFO[0;39m [35m[milktea][0;39m [2m[           main][0;39m [36morg.hibernate.Version                   [0;39m : HHH000412: Hibernate ORM core version 6.6.11.Final
[2m2025-06-17 13:24:24.964[0;39m [32m INFO[0;39m [35m[milktea][0;39m [2m[           main][0;39m [36mo.h.c.internal.RegionFactoryInitiator   [0;39m : HHH000026: Second-level cache disabled
[2m2025-06-17 13:24:25.281[0;39m [33m WARN[0;39m [35m[milktea][0;39m [2m[           main][0;39m [36morg.hibernate.orm.deprecation           [0;39m : HHH90000025: MySQL8Dialect does not need to be specified explicitly using 'hibernate.dialect' (remove the property setting and it will be selected by default)
[2m2025-06-17 13:24:25.282[0;39m [33m WARN[0;39m [35m[milktea][0;39m [2m[           main][0;39m [36morg.hibernate.orm.deprecation           [0;39m : HHH90000026: MySQL8Dialect has been deprecated; use org.hibernate.dialect.MySQLDialect instead
[2m2025-06-17 13:24:26.300[0;39m [32m INFO[0;39m [35m[milktea][0;39m [2m[           main][0;39m [36mo.h.e.t.j.p.i.JtaPlatformInitiator      [0;39m : HHH000489: No JTA platform available (set 'hibernate.transaction.jta.platform' to enable JTA platform integration)
[2m2025-06-17 13:24:28.982[0;39m [33m WARN[0;39m [35m[milktea][0;39m [2m[           main][0;39m [36mJpaBaseConfiguration$JpaWebConfiguration[0;39m : spring.jpa.open-in-view is enabled by default. Therefore, database queries may be performed during view rendering. Explicitly configure spring.jpa.open-in-view to disable this warning
[2m2025-06-17 13:24:28.991[0;39m [33m WARN[0;39m [35m[milktea][0;39m [2m[           main][0;39m [36mr$InitializeUserDetailsManagerConfigurer[0;39m : Found 3 UserDetailsService beans, with names [adminDetailsService, userDetailsServiceImpl, primaryUserDetailsService]. Global Authentication Manager will not use a UserDetailsService for username/password login. Consider publishing a single UserDetailsService bean.
[2m2025-06-17 13:24:29.440[0;39m [32m INFO[0;39m [35m[milktea][0;39m [2m[           main][0;39m [36mo.s.b.w.embedded.tomcat.TomcatWebServer [0;39m : Tomcat started on port 8081 (http) with context path '/api'
[2m2025-06-17 13:24:29.450[0;39m [32m INFO[0;39m [35m[milktea][0;39m [2m[           main][0;39m [36mcom.cxy.milktea.MilkteaApplication      [0;39m : Started MilkteaApplication in 6.54 seconds (process running for 6.974)
[2m2025-06-17 13:24:39.450[0;39m [32m INFO[0;39m [35m[milktea][0;39m [2m[   scheduling-1][0;39m [36mc.c.m.common.config.RedisCacheMonitor   [0;39m : Redis连接工厂类型: LettuceConnectionFactory, 缓存已配置并连接成功
[2m2025-06-17 13:26:00.533[0;39m [32m INFO[0;39m [35m[milktea][0;39m [2m[0.0-8081-exec-1][0;39m [36mo.a.c.c.C.[Tomcat].[localhost].[/api]   [0;39m : Initializing Spring DispatcherServlet 'dispatcherServlet'
[2m2025-06-17 13:26:00.533[0;39m [32m INFO[0;39m [35m[milktea][0;39m [2m[0.0-8081-exec-1][0;39m [36mo.s.web.servlet.DispatcherServlet       [0;39m : Initializing Servlet 'dispatcherServlet'
[2m2025-06-17 13:26:00.535[0;39m [32m INFO[0;39m [35m[milktea][0;39m [2m[0.0-8081-exec-1][0;39m [36mo.s.web.servlet.DispatcherServlet       [0;39m : Completed initialization in 2 ms
[2m2025-06-17 13:26:03.047[0;39m [33m WARN[0;39m [35m[milktea][0;39m [2m[0.0-8081-exec-5][0;39m [36mration$PageModule$WarningLoggingModifier[0;39m : Serializing PageImpl instances as-is is not supported, meaning that there is no guarantee about the stability of the resulting JSON structure!
	For a stable JSON structure, please use Spring Data's PagedModel (globally via @EnableSpringDataWebSupport(pageSerializationMode = VIA_DTO))
	or Spring HATEOAS and Spring Data's PagedResourcesAssembler as documented in https://docs.spring.io/spring-data/commons/reference/repositories/core-extensions.html#core.web.pageables.

[2m2025-06-17 13:27:34.140[0;39m [32m INFO[0;39m [35m[milktea][0;39m [2m[ionShutdownHook][0;39m [36mo.s.b.w.e.tomcat.GracefulShutdown       [0;39m : Commencing graceful shutdown. Waiting for active requests to complete
[2m2025-06-17 13:27:34.491[0;39m [32m INFO[0;39m [35m[milktea][0;39m [2m[tomcat-shutdown][0;39m [36mo.s.b.w.e.tomcat.GracefulShutdown       [0;39m : Graceful shutdown complete
[2m2025-06-17 13:27:55.094[0;39m [32m INFO[0;39m [35m[milktea][0;39m [2m[           main][0;39m [36mcom.cxy.milktea.MilkteaApplication      [0;39m : Starting MilkteaApplication using Java 17.0.12 with PID 28972 (C:\Users\LXD\Desktop\奶茶点单系统\milktea\target\classes started by LXD in C:\Users\LXD\Desktop\奶茶点单系统\milktea)
[2m2025-06-17 13:27:55.097[0;39m [32m INFO[0;39m [35m[milktea][0;39m [2m[           main][0;39m [36mcom.cxy.milktea.MilkteaApplication      [0;39m : No active profile set, falling back to 1 default profile: "default"
[2m2025-06-17 13:27:56.603[0;39m [32m INFO[0;39m [35m[milktea][0;39m [2m[           main][0;39m [36mo.s.b.w.embedded.tomcat.TomcatWebServer [0;39m : Tomcat initialized with port 8081 (http)
[2m2025-06-17 13:27:56.615[0;39m [32m INFO[0;39m [35m[milktea][0;39m [2m[           main][0;39m [36mo.apache.catalina.core.StandardService  [0;39m : Starting service [Tomcat]
[2m2025-06-17 13:27:56.615[0;39m [32m INFO[0;39m [35m[milktea][0;39m [2m[           main][0;39m [36mo.apache.catalina.core.StandardEngine   [0;39m : Starting Servlet engine: [Apache Tomcat/10.1.39]
[2m2025-06-17 13:27:56.676[0;39m [32m INFO[0;39m [35m[milktea][0;39m [2m[           main][0;39m [36mo.a.c.c.C.[Tomcat].[localhost].[/api]   [0;39m : Initializing Spring embedded WebApplicationContext
[2m2025-06-17 13:27:56.982[0;39m [32m INFO[0;39m [35m[milktea][0;39m [2m[           main][0;39m [36mo.hibernate.jpa.internal.util.LogHelper [0;39m : HHH000204: Processing PersistenceUnitInfo [name: default]
[2m2025-06-17 13:27:57.031[0;39m [32m INFO[0;39m [35m[milktea][0;39m [2m[           main][0;39m [36morg.hibernate.Version                   [0;39m : HHH000412: Hibernate ORM core version 6.6.11.Final
[2m2025-06-17 13:27:57.066[0;39m [32m INFO[0;39m [35m[milktea][0;39m [2m[           main][0;39m [36mo.h.c.internal.RegionFactoryInitiator   [0;39m : HHH000026: Second-level cache disabled
[2m2025-06-17 13:27:57.463[0;39m [33m WARN[0;39m [35m[milktea][0;39m [2m[           main][0;39m [36morg.hibernate.orm.deprecation           [0;39m : HHH90000025: MySQL8Dialect does not need to be specified explicitly using 'hibernate.dialect' (remove the property setting and it will be selected by default)
[2m2025-06-17 13:27:57.464[0;39m [33m WARN[0;39m [35m[milktea][0;39m [2m[           main][0;39m [36morg.hibernate.orm.deprecation           [0;39m : HHH90000026: MySQL8Dialect has been deprecated; use org.hibernate.dialect.MySQLDialect instead
[2m2025-06-17 13:27:58.668[0;39m [32m INFO[0;39m [35m[milktea][0;39m [2m[           main][0;39m [36mo.h.e.t.j.p.i.JtaPlatformInitiator      [0;39m : HHH000489: No JTA platform available (set 'hibernate.transaction.jta.platform' to enable JTA platform integration)
[2m2025-06-17 13:28:01.538[0;39m [33m WARN[0;39m [35m[milktea][0;39m [2m[           main][0;39m [36mJpaBaseConfiguration$JpaWebConfiguration[0;39m : spring.jpa.open-in-view is enabled by default. Therefore, database queries may be performed during view rendering. Explicitly configure spring.jpa.open-in-view to disable this warning
[2m2025-06-17 13:28:01.549[0;39m [33m WARN[0;39m [35m[milktea][0;39m [2m[           main][0;39m [36mr$InitializeUserDetailsManagerConfigurer[0;39m : Found 3 UserDetailsService beans, with names [adminDetailsService, userDetailsServiceImpl, primaryUserDetailsService]. Global Authentication Manager will not use a UserDetailsService for username/password login. Consider publishing a single UserDetailsService bean.
[2m2025-06-17 13:28:02.013[0;39m [32m INFO[0;39m [35m[milktea][0;39m [2m[           main][0;39m [36mo.s.b.w.embedded.tomcat.TomcatWebServer [0;39m : Tomcat started on port 8081 (http) with context path '/api'
[2m2025-06-17 13:28:02.023[0;39m [32m INFO[0;39m [35m[milktea][0;39m [2m[           main][0;39m [36mcom.cxy.milktea.MilkteaApplication      [0;39m : Started MilkteaApplication in 7.334 seconds (process running for 7.935)
[2m2025-06-17 13:28:02.342[0;39m [32m INFO[0;39m [35m[milktea][0;39m [2m[   scheduling-1][0;39m [36mc.c.m.common.config.RedisCacheMonitor   [0;39m : Redis缓存统计 - 总键数: 2
[2m2025-06-17 13:28:12.022[0;39m [32m INFO[0;39m [35m[milktea][0;39m [2m[   scheduling-1][0;39m [36mc.c.m.common.config.RedisCacheMonitor   [0;39m : Redis连接工厂类型: LettuceConnectionFactory, 缓存已配置并连接成功
[2m2025-06-17 13:32:30.868[0;39m [32m INFO[0;39m [35m[milktea][0;39m [2m[0.0-8081-exec-1][0;39m [36mo.a.c.c.C.[Tomcat].[localhost].[/api]   [0;39m : Initializing Spring DispatcherServlet 'dispatcherServlet'
[2m2025-06-17 13:32:30.869[0;39m [32m INFO[0;39m [35m[milktea][0;39m [2m[0.0-8081-exec-1][0;39m [36mo.s.web.servlet.DispatcherServlet       [0;39m : Initializing Servlet 'dispatcherServlet'
[2m2025-06-17 13:32:30.872[0;39m [32m INFO[0;39m [35m[milktea][0;39m [2m[0.0-8081-exec-1][0;39m [36mo.s.web.servlet.DispatcherServlet       [0;39m : Completed initialization in 3 ms
[2m2025-06-17 13:32:34.695[0;39m [33m WARN[0;39m [35m[milktea][0;39m [2m[0.0-8081-exec-7][0;39m [36mration$PageModule$WarningLoggingModifier[0;39m : Serializing PageImpl instances as-is is not supported, meaning that there is no guarantee about the stability of the resulting JSON structure!
	For a stable JSON structure, please use Spring Data's PagedModel (globally via @EnableSpringDataWebSupport(pageSerializationMode = VIA_DTO))
	or Spring HATEOAS and Spring Data's PagedResourcesAssembler as documented in https://docs.spring.io/spring-data/commons/reference/repositories/core-extensions.html#core.web.pageables.

[2m2025-06-17 13:37:22.281[0;39m [32m INFO[0;39m [35m[milktea][0;39m [2m[ionShutdownHook][0;39m [36mo.s.b.w.e.tomcat.GracefulShutdown       [0;39m : Commencing graceful shutdown. Waiting for active requests to complete
[2m2025-06-17 13:37:22.996[0;39m [32m INFO[0;39m [35m[milktea][0;39m [2m[tomcat-shutdown][0;39m [36mo.s.b.w.e.tomcat.GracefulShutdown       [0;39m : Graceful shutdown complete
